<?xml version="1.0" encoding="UTF-8"?>
<testsuite name="cabinvoicegenerator.CabInvoiceGeneratorTest" tests="1" skipped="0" failures="0" errors="0" timestamp="2021-11-05T17:19:29" hostname="DESKTOP-U9VT6NQ" time="0.127">
  <properties/>
  <testcase name="givenLessDistanceAndTime_ShouldReturnMinimumFare()" classname="cabinvoicegenerator.CabInvoiceGeneratorTest" time="0.127"/>
  <system-out><![CDATA[]]></system-out>
  <system-err><![CDATA[]]></system-err>
</testsuite>
